This is pdfTeX, Version 3.1415926-1.40.10 (TeX Live 2009/Debian) (format=pdflatex 2013.8.6)  26 JUN 2014 01:19
entering extended mode
 %&-line parsing enabled.
**stalker.pl.tex
(./stalker.pl.tex
LaTeX2e <2009/09/24>
Babel <v3.8l> and hyphenation patterns for english, usenglishmax, dumylang, noh
yphenation, polish, loaded.
(/home/sou/texmf/tex/latex/subfiles/subfiles.cls
Document Class: subfiles 2012/05/23 Federico Garcia
(/usr/share/texmf-texlive/tex/latex/tools/verbatim.sty
Package: verbatim 2003/08/22 v1.5q LaTeX2e package for verbatim enhancements
\every@verbatim=\toks14
\verbatim@line=\toks15
\verbatim@in@stream=\read1
)
Preamble taken from file `MAIN.tex'
(./MAIN.tex (/usr/share/texmf-texlive/tex/latex/base/book.cls
Document Class: book 2007/10/19 v1.4h Standard LaTeX document class
(/usr/share/texmf-texlive/tex/latex/base/bk12.clo
File: bk12.clo 2007/10/19 v1.4h Standard LaTeX file (size option)
)
\c@part=\count79
\c@chapter=\count80
\c@section=\count81
\c@subsection=\count82
\c@subsubsection=\count83
\c@paragraph=\count84
\c@subparagraph=\count85
\c@figure=\count86
\c@table=\count87
\abovecaptionskip=\skip41
\belowcaptionskip=\skip42
\bibindent=\dimen102
)
(/home/sou/texmf/tex/latex/subfiles/subfiles.sty
Package: subfiles 2012/05/23 Federico Garcia
)
(/usr/share/texmf-texlive/tex/latex/base/inputenc.sty
Package: inputenc 2008/03/30 v1.1d Input encoding file
\inpenc@prehook=\toks16
\inpenc@posthook=\toks17

(/usr/share/texmf-texlive/tex/latex/base/utf8.def
File: utf8.def 2008/04/05 v1.1m UTF-8 support for inputenc
Now handling font encoding OML ...
... no UTF-8 mapping file for font encoding OML
Now handling font encoding T1 ...
... processing UTF-8 mapping file for font encoding T1

(/usr/share/texmf-texlive/tex/latex/base/t1enc.dfu
File: t1enc.dfu 2008/04/05 v1.1m UTF-8 support for inputenc
   defining Unicode char U+00A1 (decimal 161)
   defining Unicode char U+00A3 (decimal 163)
   defining Unicode char U+00AB (decimal 171)
   defining Unicode char U+00BB (decimal 187)
   defining Unicode char U+00BF (decimal 191)
   defining Unicode char U+00C0 (decimal 192)
   defining Unicode char U+00C1 (decimal 193)
   defining Unicode char U+00C2 (decimal 194)
   defining Unicode char U+00C3 (decimal 195)
   defining Unicode char U+00C4 (decimal 196)
   defining Unicode char U+00C5 (decimal 197)
   defining Unicode char U+00C6 (decimal 198)
   defining Unicode char U+00C7 (decimal 199)
   defining Unicode char U+00C8 (decimal 200)
   defining Unicode char U+00C9 (decimal 201)
   defining Unicode char U+00CA (decimal 202)
   defining Unicode char U+00CB (decimal 203)
   defining Unicode char U+00CC (decimal 204)
   defining Unicode char U+00CD (decimal 205)
   defining Unicode char U+00CE (decimal 206)
   defining Unicode char U+00CF (decimal 207)
   defining Unicode char U+00D0 (decimal 208)
   defining Unicode char U+00D1 (decimal 209)
   defining Unicode char U+00D2 (decimal 210)
   defining Unicode char U+00D3 (decimal 211)
   defining Unicode char U+00D4 (decimal 212)
   defining Unicode char U+00D5 (decimal 213)
   defining Unicode char U+00D6 (decimal 214)
   defining Unicode char U+00D8 (decimal 216)
   defining Unicode char U+00D9 (decimal 217)
   defining Unicode char U+00DA (decimal 218)
   defining Unicode char U+00DB (decimal 219)
   defining Unicode char U+00DC (decimal 220)
   defining Unicode char U+00DD (decimal 221)
   defining Unicode char U+00DE (decimal 222)
   defining Unicode char U+00DF (decimal 223)
   defining Unicode char U+00E0 (decimal 224)
   defining Unicode char U+00E1 (decimal 225)
   defining Unicode char U+00E2 (decimal 226)
   defining Unicode char U+00E3 (decimal 227)
   defining Unicode char U+00E4 (decimal 228)
   defining Unicode char U+00E5 (decimal 229)
   defining Unicode char U+00E6 (decimal 230)
   defining Unicode char U+00E7 (decimal 231)
   defining Unicode char U+00E8 (decimal 232)
   defining Unicode char U+00E9 (decimal 233)
   defining Unicode char U+00EA (decimal 234)
   defining Unicode char U+00EB (decimal 235)
   defining Unicode char U+00EC (decimal 236)
   defining Unicode char U+00ED (decimal 237)
   defining Unicode char U+00EE (decimal 238)
   defining Unicode char U+00EF (decimal 239)
   defining Unicode char U+00F0 (decimal 240)
   defining Unicode char U+00F1 (decimal 241)
   defining Unicode char U+00F2 (decimal 242)
   defining Unicode char U+00F3 (decimal 243)
   defining Unicode char U+00F4 (decimal 244)
   defining Unicode char U+00F5 (decimal 245)
   defining Unicode char U+00F6 (decimal 246)
   defining Unicode char U+00F8 (decimal 248)
   defining Unicode char U+00F9 (decimal 249)
   defining Unicode char U+00FA (decimal 250)
   defining Unicode char U+00FB (decimal 251)
   defining Unicode char U+00FC (decimal 252)
   defining Unicode char U+00FD (decimal 253)
   defining Unicode char U+00FE (decimal 254)
   defining Unicode char U+00FF (decimal 255)
   defining Unicode char U+0102 (decimal 258)
   defining Unicode char U+0103 (decimal 259)
   defining Unicode char U+0104 (decimal 260)
   defining Unicode char U+0105 (decimal 261)
   defining Unicode char U+0106 (decimal 262)
   defining Unicode char U+0107 (decimal 263)
   defining Unicode char U+010C (decimal 268)
   defining Unicode char U+010D (decimal 269)
   defining Unicode char U+010E (decimal 270)
   defining Unicode char U+010F (decimal 271)
   defining Unicode char U+0110 (decimal 272)
   defining Unicode char U+0111 (decimal 273)
   defining Unicode char U+0118 (decimal 280)
   defining Unicode char U+0119 (decimal 281)
   defining Unicode char U+011A (decimal 282)
   defining Unicode char U+011B (decimal 283)
   defining Unicode char U+011E (decimal 286)
   defining Unicode char U+011F (decimal 287)
   defining Unicode char U+0130 (decimal 304)
   defining Unicode char U+0131 (decimal 305)
   defining Unicode char U+0132 (decimal 306)
   defining Unicode char U+0133 (decimal 307)
   defining Unicode char U+0139 (decimal 313)
   defining Unicode char U+013A (decimal 314)
   defining Unicode char U+013D (decimal 317)
   defining Unicode char U+013E (decimal 318)
   defining Unicode char U+0141 (decimal 321)
   defining Unicode char U+0142 (decimal 322)
   defining Unicode char U+0143 (decimal 323)
   defining Unicode char U+0144 (decimal 324)
   defining Unicode char U+0147 (decimal 327)
   defining Unicode char U+0148 (decimal 328)
   defining Unicode char U+014A (decimal 330)
   defining Unicode char U+014B (decimal 331)
   defining Unicode char U+0150 (decimal 336)
   defining Unicode char U+0151 (decimal 337)
   defining Unicode char U+0152 (decimal 338)
   defining Unicode char U+0153 (decimal 339)
   defining Unicode char U+0154 (decimal 340)
   defining Unicode char U+0155 (decimal 341)
   defining Unicode char U+0158 (decimal 344)
   defining Unicode char U+0159 (decimal 345)
   defining Unicode char U+015A (decimal 346)
   defining Unicode char U+015B (decimal 347)
   defining Unicode char U+015E (decimal 350)
   defining Unicode char U+015F (decimal 351)
   defining Unicode char U+0160 (decimal 352)
   defining Unicode char U+0161 (decimal 353)
   defining Unicode char U+0162 (decimal 354)
   defining Unicode char U+0163 (decimal 355)
   defining Unicode char U+0164 (decimal 356)
   defining Unicode char U+0165 (decimal 357)
   defining Unicode char U+016E (decimal 366)
   defining Unicode char U+016F (decimal 367)
   defining Unicode char U+0170 (decimal 368)
   defining Unicode char U+0171 (decimal 369)
   defining Unicode char U+0178 (decimal 376)
   defining Unicode char U+0179 (decimal 377)
   defining Unicode char U+017A (decimal 378)
   defining Unicode char U+017B (decimal 379)
   defining Unicode char U+017C (decimal 380)
   defining Unicode char U+017D (decimal 381)
   defining Unicode char U+017E (decimal 382)
   defining Unicode char U+200C (decimal 8204)
   defining Unicode char U+2013 (decimal 8211)
   defining Unicode char U+2014 (decimal 8212)
   defining Unicode char U+2018 (decimal 8216)
   defining Unicode char U+2019 (decimal 8217)
   defining Unicode char U+201A (decimal 8218)
   defining Unicode char U+201C (decimal 8220)
   defining Unicode char U+201D (decimal 8221)
   defining Unicode char U+201E (decimal 8222)
   defining Unicode char U+2030 (decimal 8240)
   defining Unicode char U+2031 (decimal 8241)
   defining Unicode char U+2039 (decimal 8249)
   defining Unicode char U+203A (decimal 8250)
   defining Unicode char U+2423 (decimal 9251)
)
Now handling font encoding OT1 ...
... processing UTF-8 mapping file for font encoding OT1

(/usr/share/texmf-texlive/tex/latex/base/ot1enc.dfu
File: ot1enc.dfu 2008/04/05 v1.1m UTF-8 support for inputenc
   defining Unicode char U+00A1 (decimal 161)
   defining Unicode char U+00A3 (decimal 163)
   defining Unicode char U+00B8 (decimal 184)
   defining Unicode char U+00BF (decimal 191)
   defining Unicode char U+00C5 (decimal 197)
   defining Unicode char U+00C6 (decimal 198)
   defining Unicode char U+00D8 (decimal 216)
   defining Unicode char U+00DF (decimal 223)
   defining Unicode char U+00E6 (decimal 230)
   defining Unicode char U+00EC (decimal 236)
   defining Unicode char U+00ED (decimal 237)
   defining Unicode char U+00EE (decimal 238)
   defining Unicode char U+00EF (decimal 239)
   defining Unicode char U+00F8 (decimal 248)
   defining Unicode char U+0131 (decimal 305)
   defining Unicode char U+0141 (decimal 321)
   defining Unicode char U+0142 (decimal 322)
   defining Unicode char U+0152 (decimal 338)
   defining Unicode char U+0153 (decimal 339)
   defining Unicode char U+2013 (decimal 8211)
   defining Unicode char U+2014 (decimal 8212)
   defining Unicode char U+2018 (decimal 8216)
   defining Unicode char U+2019 (decimal 8217)
   defining Unicode char U+201C (decimal 8220)
   defining Unicode char U+201D (decimal 8221)
)
Now handling font encoding OMS ...
... processing UTF-8 mapping file for font encoding OMS

(/usr/share/texmf-texlive/tex/latex/base/omsenc.dfu
File: omsenc.dfu 2008/04/05 v1.1m UTF-8 support for inputenc
   defining Unicode char U+00A7 (decimal 167)
   defining Unicode char U+00B6 (decimal 182)
   defining Unicode char U+00B7 (decimal 183)
   defining Unicode char U+2020 (decimal 8224)
   defining Unicode char U+2021 (decimal 8225)
   defining Unicode char U+2022 (decimal 8226)
)
Now handling font encoding OMX ...
... no UTF-8 mapping file for font encoding OMX
Now handling font encoding U ...
... no UTF-8 mapping file for font encoding U
   defining Unicode char U+00A9 (decimal 169)
   defining Unicode char U+00AA (decimal 170)
   defining Unicode char U+00AE (decimal 174)
   defining Unicode char U+00BA (decimal 186)
   defining Unicode char U+02C6 (decimal 710)
   defining Unicode char U+02DC (decimal 732)
   defining Unicode char U+200C (decimal 8204)
   defining Unicode char U+2026 (decimal 8230)
   defining Unicode char U+2122 (decimal 8482)
   defining Unicode char U+2423 (decimal 9251)
))
(/usr/share/texmf-texlive/tex/latex/polski/polski.sty
Package: polski 2008/02/24 v1.3.3 Polish language package

Document language package `polski' v1.3.3 <2008/02/24>
   Inputenc package detected. Catcodes not changed.
(/usr/share/texmf-texlive/tex/latex/base/ot4enc.def
File: ot4enc.def 2005/09/27 v1.99g Standard LaTeX file
Now handling font encoding OT4 ...
... no UTF-8 mapping file for font encoding OT4
))
(/usr/share/texmf-texlive/tex/latex/enumitem/enumitem.sty
Package: enumitem 2009/05/18 v2.2 Customized lists
\enit@toks=\toks18

(/usr/share/texmf-texlive/tex/latex/graphics/keyval.sty
Package: keyval 1999/03/16 v1.13 key=value parser (DPC)
\KV@toks@=\toks19
)
\labelindent=\skip43
\enit@outerparindent=\dimen103
\enitdp@desc=\count88
)
(/usr/share/texmf-texlive/tex/latex/graphics/graphicx.sty
Package: graphicx 1999/02/16 v1.0f Enhanced LaTeX Graphics (DPC,SPQR)

(/usr/share/texmf-texlive/tex/latex/graphics/graphics.sty
Package: graphics 2009/02/05 v1.0o Standard LaTeX Graphics (DPC,SPQR)

(/usr/share/texmf-texlive/tex/latex/graphics/trig.sty
Package: trig 1999/03/16 v1.09 sin cos tan (DPC)
)
(/etc/texmf/tex/latex/config/graphics.cfg
File: graphics.cfg 2009/08/28 v1.8 graphics configuration of TeX Live
)
Package graphics Info: Driver file: pdftex.def on input line 91.

(/usr/share/texmf-texlive/tex/latex/pdftex-def/pdftex.def
File: pdftex.def 2010/03/12 v0.04p Graphics/color for pdfTeX
\Gread@gobject=\count89
))
\Gin@req@height=\dimen104
\Gin@req@width=\dimen105
)
(/usr/share/texmf/tex/latex/xcolor/xcolor.sty
Package: xcolor 2007/01/21 v2.11 LaTeX color extensions (UK)

(/etc/texmf/tex/latex/config/color.cfg
File: color.cfg 2007/01/18 v1.5 color configuration of teTeX/TeXLive
)
Package xcolor Info: Package option `usenames' ignored on input line 216.
Package xcolor Info: Driver file: pdftex.def on input line 225.

(/usr/share/texmf-texlive/tex/latex/colortbl/colortbl.sty
Package: colortbl 2001/02/13 v0.1j Color table columns (DPC)

(/usr/share/texmf-texlive/tex/latex/tools/array.sty
Package: array 2008/09/09 v2.4c Tabular extension package (FMi)
\col@sep=\dimen106
\extrarowheight=\dimen107
\NC@list=\toks20
\extratabsurround=\skip44
\backup@length=\skip45
)
\everycr=\toks21
\minrowclearance=\skip46
)
\rownum=\count90
Package xcolor Info: Model `cmy' substituted by `cmy0' on input line 1337.
Package xcolor Info: Model `hsb' substituted by `rgb' on input line 1341.
Package xcolor Info: Model `RGB' extended on input line 1353.
Package xcolor Info: Model `HTML' substituted by `rgb' on input line 1355.
Package xcolor Info: Model `Hsb' substituted by `hsb' on input line 1356.
Package xcolor Info: Model `tHsb' substituted by `hsb' on input line 1357.
Package xcolor Info: Model `HSB' substituted by `hsb' on input line 1358.
Package xcolor Info: Model `Gray' substituted by `gray' on input line 1359.
Package xcolor Info: Model `wave' substituted by `hsb' on input line 1360.

(/usr/share/texmf-texlive/tex/latex/graphics/dvipsnam.def
File: dvipsnam.def 1999/02/16 v3.0i Driver-dependant file (DPC,SPQR)
)
(/usr/share/texmf/tex/latex/xcolor/svgnam.def
File: svgnam.def 2007/01/21 v2.11 Predefined colors according to SVG 1.1 (UK)
))
(/usr/share/texmf/tex/latex/tex-gyre/tgheros.sty
Package: tgheros 2009/09/27 v1.2 TeX Gyre Heros as default sans serif family

(/usr/share/texmf-texlive/tex/latex/oberdiek/kvoptions.sty
Package: kvoptions 2009/08/13 v3.4 Keyval support for LaTeX options (HO)

(/usr/share/texmf-texlive/tex/generic/oberdiek/kvsetkeys.sty
Package: kvsetkeys 2009/07/30 v1.5 Key value parser with default handler suppor
t (HO)

(/usr/share/texmf-texlive/tex/generic/oberdiek/infwarerr.sty
Package: infwarerr 2007/09/09 v1.2 Providing info/warning/message (HO)
)
(/usr/share/texmf-texlive/tex/generic/oberdiek/etexcmds.sty
Package: etexcmds 2007/12/12 v1.2 Prefix for e-TeX command names (HO)
Package etexcmds Info: Could not find \expanded.
(etexcmds)             That can mean that you are not using pdfTeX 1.50 or
(etexcmds)             that some package has redefined \expanded.
(etexcmds)             In the latter case, load this package earlier.
))))
(/usr/share/texmf-texlive/tex/latex/fancyhdr/fancyhdr.sty
\fancy@headwidth=\skip47
\f@ncyO@elh=\skip48
\f@ncyO@erh=\skip49
\f@ncyO@olh=\skip50
\f@ncyO@orh=\skip51
\f@ncyO@elf=\skip52
\f@ncyO@erf=\skip53
\f@ncyO@olf=\skip54
\f@ncyO@orf=\skip55
)
(/usr/share/texmf-texlive/tex/latex/paralist/paralist.sty
Package: paralist 2002/03/18 v2.3b Extended list environments (BS)
\pltopsep=\skip56
\plpartopsep=\skip57
\plitemsep=\skip58
\plparsep=\skip59
\pl@lab=\toks22
)
(/usr/share/texmf-texlive/tex/latex/tocloft/tocloft.sty
Package: tocloft 2009/09/04 v2.3d parameterised ToC, etc., typesetting


Package tocloft Note: The document has chapter divisions.

\cftparskip=\skip60
\cftbeforetoctitleskip=\skip61
\cftaftertoctitleskip=\skip62
\cftbeforepartskip=\skip63
\cftpartnumwidth=\skip64
\cftpartindent=\skip65
\cftbeforechapskip=\skip66
\cftchapindent=\skip67
\cftchapnumwidth=\skip68
\cftbeforesecskip=\skip69
\cftsecindent=\skip70
\cftsecnumwidth=\skip71
\cftbeforesubsecskip=\skip72
\cftsubsecindent=\skip73
\cftsubsecnumwidth=\skip74
\cftbeforesubsubsecskip=\skip75
\cftsubsubsecindent=\skip76
\cftsubsubsecnumwidth=\skip77
\cftbeforeparaskip=\skip78
\cftparaindent=\skip79
\cftparanumwidth=\skip80
\cftbeforesubparaskip=\skip81
\cftsubparaindent=\skip82
\cftsubparanumwidth=\skip83
\cftbeforeloftitleskip=\skip84
\cftafterloftitleskip=\skip85
\cftbeforefigskip=\skip86
\cftfigindent=\skip87
\cftfignumwidth=\skip88
\c@lofdepth=\count91
\c@lotdepth=\count92
\cftbeforelottitleskip=\skip89
\cftafterlottitleskip=\skip90
\cftbeforetabskip=\skip91
\cfttabindent=\skip92
\cfttabnumwidth=\skip93
) (/usr/share/texmf-texlive/tex/latex/ms/multitoc.sty
Package: multitoc 1999/06/08 v2.01 MultiToc Package (MS)

(/usr/share/texmf-texlive/tex/latex/tools/multicol.sty
Package: multicol 2008/12/05 v1.6h multicolumn formatting (FMi)
\c@tracingmulticols=\count93
\mult@box=\box26
\multicol@leftmargin=\dimen108
\c@unbalance=\count94
\c@collectmore=\count95
\doublecol@number=\count96
\multicoltolerance=\count97
\multicolpretolerance=\count98
\full@width=\dimen109
\page@free=\dimen110
\premulticols=\dimen111
\postmulticols=\dimen112
\multicolsep=\skip94
\multicolbaselineskip=\skip95
\partial@page=\box27
\last@line=\box28
\mult@rightbox=\box29
\mult@grightbox=\box30
\mult@gfirstbox=\box31
\mult@firstbox=\box32
\@tempa=\box33
\@tempa=\box34
\@tempa=\box35
\@tempa=\box36
\@tempa=\box37
\@tempa=\box38
\@tempa=\box39
\@tempa=\box40
\@tempa=\box41
\@tempa=\box42
\@tempa=\box43
\@tempa=\box44
\@tempa=\box45
\@tempa=\box46
\@tempa=\box47
\@tempa=\box48
\@tempa=\box49
\c@columnbadness=\count99
\c@finalcolumnbadness=\count100
\last@try=\dimen113
\multicolovershoot=\dimen114
\multicolundershoot=\dimen115
\mult@nat@firstbox=\box50
\colbreak@box=\box51
)
(/usr/share/texmf-texlive/tex/latex/base/ifthen.sty
Package: ifthen 2001/05/26 v1.1c Standard LaTeX ifthen package (DPC)
))
(/usr/share/texmf-texlive/tex/latex/hyperref/hyperref.sty
Package: hyperref 2009/10/09 v6.79a Hypertext links for LaTeX

(/usr/share/texmf-texlive/tex/generic/oberdiek/ifpdf.sty
Package: ifpdf 2009/04/10 v2.0 Provides the ifpdf switch (HO)
Package ifpdf Info: pdfTeX in pdf mode detected.
)
(/usr/share/texmf-texlive/tex/generic/oberdiek/ifvtex.sty
Package: ifvtex 2008/11/04 v1.4 Switches for detecting VTeX and its modes (HO)
Package ifvtex Info: VTeX not detected.
)
(/usr/share/texmf-texlive/tex/generic/ifxetex/ifxetex.sty
Package: ifxetex 2009/01/23 v0.5 Provides ifxetex conditional
)
(/usr/share/texmf-texlive/tex/latex/oberdiek/hycolor.sty
Package: hycolor 2009/10/02 v1.5 Code for color options of hyperref/bookmark (H
O)

(/usr/share/texmf-texlive/tex/latex/oberdiek/xcolor-patch.sty
Package: xcolor-patch 2009/10/02 xcolor patch
))
\@linkdim=\dimen116
\Hy@linkcounter=\count101
\Hy@pagecounter=\count102

(/usr/share/texmf-texlive/tex/latex/hyperref/pd1enc.def
File: pd1enc.def 2009/10/09 v6.79a Hyperref: PDFDocEncoding definition (HO)
Now handling font encoding PD1 ...
... no UTF-8 mapping file for font encoding PD1
)
(/usr/share/texmf-texlive/tex/latex/latexconfig/hyperref.cfg
File: hyperref.cfg 2002/06/06 v1.2 hyperref configuration of TeXLive
)
Package hyperref Info: Hyper figures OFF on input line 2975.
Package hyperref Info: Link nesting OFF on input line 2980.
Package hyperref Info: Hyper index ON on input line 2983.
Package hyperref Info: Plain pages OFF on input line 2990.
Package hyperref Info: Backreferencing OFF on input line 2995.

Implicit mode ON; LaTeX internals redefined
Package hyperref Info: Bookmarks ON on input line 3191.
(/usr/share/texmf-texlive/tex/latex/ltxmisc/url.sty
\Urlmuskip=\muskip10
Package: url 2006/04/12  ver 3.3  Verb mode for urls, etc.
)
LaTeX Info: Redefining \url on input line 3428.

(/usr/share/texmf-texlive/tex/generic/oberdiek/bitset.sty
Package: bitset 2007/09/28 v1.0 Data type bit set (HO)

(/usr/share/texmf-texlive/tex/generic/oberdiek/intcalc.sty
Package: intcalc 2007/09/27 v1.1 Expandable integer calculations (HO)
)
(/usr/share/texmf-texlive/tex/generic/oberdiek/bigintcalc.sty
Package: bigintcalc 2007/11/11 v1.1 Expandable big integer calculations (HO)

(/usr/share/texmf-texlive/tex/generic/oberdiek/pdftexcmds.sty
Package: pdftexcmds 2009/09/23 v0.6 LuaTeX support for pdfTeX utility functions
 (HO)

(/usr/share/texmf-texlive/tex/generic/oberdiek/ifluatex.sty
Package: ifluatex 2009/04/17 v1.2 Provides the ifluatex switch (HO)
Package ifluatex Info: LuaTeX not detected.
)
(/usr/share/texmf-texlive/tex/generic/oberdiek/ltxcmds.sty
Package: ltxcmds 2009/08/05 v1.0 Some LaTeX kernel commands for general use (HO
)
)
Package pdftexcmds Info: LuaTeX not detected.
Package pdftexcmds Info: \pdf@primitive is available.
Package pdftexcmds Info: \pdf@ifprimitive is available.
)))
\Fld@menulength=\count103
\Field@Width=\dimen117
\Fld@charsize=\dimen118
\Field@toks=\toks23
Package hyperref Info: Hyper figures OFF on input line 4377.
Package hyperref Info: Link nesting OFF on input line 4382.
Package hyperref Info: Hyper index ON on input line 4385.
Package hyperref Info: backreferencing OFF on input line 4392.
Package hyperref Info: Link coloring OFF on input line 4397.
Package hyperref Info: Link coloring with OCG OFF on input line 4402.
Package hyperref Info: PDF/A mode OFF on input line 4407.

(/usr/share/texmf-texlive/tex/generic/oberdiek/atbegshi.sty
Package: atbegshi 2008/07/31 v1.9 At begin shipout hook (HO)
)
\Hy@abspage=\count104
\c@Item=\count105
\c@Hfootnote=\count106
)
*hyperref using default driver hpdftex*
(/usr/share/texmf-texlive/tex/latex/hyperref/hpdftex.def
File: hpdftex.def 2009/10/09 v6.79a Hyperref driver for pdfTeX
\Fld@listcount=\count107
)
Package hyperref Info: Option `colorlinks' set `true' on input line 191.
)) (./stalker.pl.aux)
\openout1 = `stalker.pl.aux'.

LaTeX Font Info:    Checking defaults for OML/cmm/m/it on input line 2.
LaTeX Font Info:    ... okay on input line 2.
LaTeX Font Info:    Checking defaults for T1/cmr/m/n on input line 2.
LaTeX Font Info:    ... okay on input line 2.
LaTeX Font Info:    Checking defaults for OT1/cmr/m/n on input line 2.
LaTeX Font Info:    ... okay on input line 2.
LaTeX Font Info:    Checking defaults for OMS/cmsy/m/n on input line 2.
LaTeX Font Info:    ... okay on input line 2.
LaTeX Font Info:    Checking defaults for OMX/cmex/m/n on input line 2.
LaTeX Font Info:    ... okay on input line 2.
LaTeX Font Info:    Checking defaults for U/cmr/m/n on input line 2.
LaTeX Font Info:    ... okay on input line 2.
LaTeX Font Info:    Checking defaults for OT4/cmr/m/n on input line 2.
LaTeX Font Info:    Try loading font information for OT4+cmr on input line 2.

(/usr/share/texmf-texlive/tex/latex/polski/ot4cmr.fd
File: ot4cmr.fd 2008/02/24 v1.2.1 Font defs for fonts PL (MW)
)
LaTeX Font Info:    ... okay on input line 2.
LaTeX Font Info:    Checking defaults for PD1/pdf/m/n on input line 2.
LaTeX Font Info:    ... okay on input line 2.
LaTeX Font Info:    Try loading font information for OT4+qhv on input line 2.

(/usr/share/texmf/tex/latex/tex-gyre/ot4qhv.fd
File: ot4qhv.fd 2009/09/25 v1.2 font definition file for OT4/qhv
)
(/usr/share/texmf-texlive/tex/context/base/supp-pdf.mkii
[Loading MPS to PDF converter (version 2006.09.02).]
\scratchcounter=\count108
\scratchdimen=\dimen119
\scratchbox=\box52
\nofMPsegments=\count109
\nofMParguments=\count110
\everyMPshowfont=\toks24
\MPscratchCnt=\count111
\MPscratchDim=\dimen120
\MPnumerator=\count112
\everyMPtoPDFconversion=\toks25
)
Package hyperref Info: Link coloring ON on input line 2.
 (/usr/share/texmf-texlive/tex/latex/hyperref/nameref.sty
Package: nameref 2007/05/29 v2.31 Cross-referencing by name of section

(/usr/share/texmf-texlive/tex/latex/oberdiek/refcount.sty
Package: refcount 2008/08/11 v3.1 Data extraction from references (HO)
)
\c@section@level=\count113
)
LaTeX Info: Redefining \ref on input line 2.
LaTeX Info: Redefining \pageref on input line 2.
 (./stalker.pl.out)
(./stalker.pl.out)
\@outlinefile=\write3
\openout3 = `stalker.pl.out'.

\AtBeginShipoutBox=\box53
 (./tytul.tex <logo.png, id=87, 1284.8pt x 722.7pt>
File: logo.png Graphic file (type png)

<use logo.png>
LaTeX Font Info:    External font `cmex10' loaded for size
(Font)              <12> on input line 7.
LaTeX Font Info:    External font `cmex10' loaded for size
(Font)              <8> on input line 7.
LaTeX Font Info:    External font `cmex10' loaded for size
(Font)              <6> on input line 7.
 [1{/var/lib/texmf/fonts/map/pdftex/updmap/pdftex.map}


 <./logo.png>]) (./stalker.pl.toc
Overfull \hbox (1.41595pt too wide) detected at line 12
 \OT4/qhv/b/n/12 105
 []


Overfull \hbox (1.41595pt too wide) detected at line 13
 \OT4/qhv/b/n/12 106
 []


Overfull \hbox (1.41595pt too wide) detected at line 14
 \OT4/qhv/b/n/12 155
 []


Overfull \hbox (1.41595pt too wide) detected at line 15
 \OT4/qhv/b/n/12 156
 []


Overfull \hbox (1.41595pt too wide) detected at line 16
 \OT4/qhv/b/n/12 180
 []


Overfull \hbox (1.41595pt too wide) detected at line 17
 \OT4/qhv/b/n/12 181
 []

[2


]
Overfull \hbox (1.41595pt too wide) detected at line 18
 \OT4/qhv/b/n/12 186
 []


Overfull \hbox (1.41595pt too wide) detected at line 19
 \OT4/qhv/b/n/12 187
 []


Overfull \hbox (1.41595pt too wide) detected at line 20
 \OT4/qhv/b/n/12 204
 []


Overfull \hbox (1.41595pt too wide) detected at line 21
 \OT4/qhv/b/n/12 205
 []

)
\tf@toc=\write4
\openout4 = `stalker.pl.toc'.

 [3] <voldi/voldi.jpg, id=128, 69.25874pt x 99.37125pt>
File: voldi/voldi.jpg Graphic file (type jpg)
 <use voldi/voldi.jpg>
LaTeX Font Info:    External font `cmex10' loaded for size
(Font)              <24.88> on input line 5.
LaTeX Font Info:    External font `cmex10' loaded for size
(Font)              <20.74> on input line 5.
LaTeX Font Info:    External font `cmex10' loaded for size
(Font)              <17.28> on input line 5.

(./voldi/voldi_o_f.tex) [4



 <./voldi/voldi.jpg>]
(./voldi/o_jeden_blok_za_daleko_o.tex) [5


] (./voldi/o_jeden_blok_za_daleko.tex
[6


] [7] [8] [9] [10] [11] [12] [13] [14] [15]) [16]
<koshi/koshi.jpg, id=187, 75.28125pt x 75.28125pt>
File: koshi/koshi.jpg Graphic file (type jpg)
 <use koshi/koshi.jpg>
(./koshi/koshi_o_f.tex) [17


 <./koshi/koshi.jpg>]
(./koshi/bandyckie_opowiesci_o.tex) [18


] (./koshi/bandyckie_opowiesci.tex
[19

] [20] [21] [22] [23]

LaTeX Font Warning: Font shape `OT4/qhv/m/sl' in size <12> not available
(Font)              Font shape `OT4/qhv/m/it' tried instead on input line 200.

[24] [25] [26] [27] [28] [29] [30] [31] [32]
Underfull \hbox (badness 1354) in paragraph at lines 445--457
 \OT4/qhv/m/n/12 Pod-czas, gdy Ga-li-na roz-my-±la-ªa o swo-im pierw-szym dniu
 []

[33]
Underfull \hbox (badness 1038) in paragraph at lines 486--489
\OT4/qhv/m/n/12 Mniejszy pa-j¡k po-sªu-chaª. Ru-szyª za swo-im na-uczy-cie-lem.

 []

[34] [35]
Underfull \hbox (badness 2726) in paragraph at lines 539--542
\OT4/qhv/m/n/12 Chwi-l¦ pó¹-niej, za po-zwo-le-niem Di-my, do po-miesz-cze-nia
 []


Underfull \hbox (badness 2213) in paragraph at lines 549--558
\OT4/qhv/m/n/12 Dima za-s¦-piª si¦. Wy-pra-wa po-nio-sªa kl¦-sk¦. Stra-ciª lu-d
zi
 []

[36] [37] [38] [39] [40] [41] [42] [43] [44] [45] [46] [47] [48]) [49]
(./koshi/grob_agamemnona_o.tex) [50


] (./koshi/grob_agamemnona.tex [51

] [52]
Underfull \hbox (badness 10000) in paragraph at lines 90--94
[]\OT4/qhv/m/n/12 Powiedziaª To-kar-czuk, prze-ry-wa-j¡c po-s¦p-n¡ ci-sz¦.
 []

[53]) [54] <ric/ric.jpg, id=351, 100.375pt x 100.375pt>
File: ric/ric.jpg Graphic file (type jpg)
 <use ric/ric.jpg>
(./ric/ric_o_f.tex)
Underfull \hbox (badness 1715) in paragraph at lines 14--14
\OT4/qhv/b/n/10.95 Ulu-bio-na bro«: No-ise-less
 []

[55


 <./ric/ric.jpg>] (./ric/15000_rubli_o.tex [56


]) (./ric/15000_rubli.tex
[57


] [58] [59] [60] [61] [62] [63] [64]) [65]
<gizbarus/gizbarus.jpg, id=398, 100.375pt x 80.3pt>
File: gizbarus/gizbarus.jpg Graphic file (type jpg)

<use gizbarus/gizbarus.jpg>
Overfull \hbox (5.7234pt too wide) in paragraph at lines 17--17
[][] 
 []

(./gizbarus/gizbarus_o_f.tex) [66


 <./gizbarus/gizbarus.jpg>]
(./gizbarus/samotnosc_w_zonie_o.tex) [67


] (./gizbarus/samotnosc_w_zonie.tex
Underfull \hbox (badness 1264) in paragraph at lines 12--19
[]\OT4/qhv/m/n/12 Na dwo-rze de-li-kat-na, po-ran-na mgªa, naj-pew-niej znik-ni
e
 []

[68

] [69] [70] [71]
Underfull \hbox (badness 1048) in paragraph at lines 175--180
[]\OT4/qhv/m/n/12 Sªysz¦ d¹wi¦k od-ci¡-ga-ne-go zam-ka bro-ni -- czy»-by Colt
 []

[72] [73] [74] [75] [76] [77] [78] [79] [80] [81] [82] [83] [84] [85] [86]
[87] [88] [89] [90] [91] [92]) [93]
<marcel/marcel.jpg, id=524, 70.2625pt x 100.375pt>
File: marcel/marcel.jpg Graphic file (type jpg)
 <use marcel/marcel.jpg>
(./marcel/marcel_o_f.tex) [94


 <./marcel/marcel.jpg>] (./marcel/powrot_o.tex)
[95


] (./marcel/powrot.tex [96

] [97] [98] [99] [100] [101] [102] [103]) [104]
[105

] <tormentor/tormentor.jpg, id=579, 100.375pt x 100.375pt>
File: tormentor/tormentor.jpg Graphic file (type jpg)

<use tormentor/tormentor.jpg> (./tormentor/tormentor_o_f.tex)
Underfull \hbox (badness 1715) in paragraph at lines 23--23
\OT4/qhv/b/n/10.95 Ulu-bio-na bro«: No-ise-less
 []

[106


 <./tormentor/tormentor.jpg>] (./tormentor/pietno_o.tex) [107


]
(./tormentor/pietno.tex [108

] [109] [110]
LaTeX Font Info:    Try loading font information for OT4+cmtt on input line 48.


(/usr/share/texmf-texlive/tex/latex/polski/ot4cmtt.fd
File: ot4cmtt.fd 2008/02/24 v1.2.1 Font defs for fonts PL (MW)
)
Underfull \hbox (badness 10000) in paragraph at lines 46--49
\OT4/cmtt/m/n/12 Próbka numer [3] \OT4/cmtt/m/it/12 Populus Nigra \OT4/cmtt/m/n
/12 wyra¹nie wykazuje
 []


Underfull \hbox (badness 10000) in paragraph at lines 46--49
\OT4/cmtt/m/n/12 wzmo»one zdolno±ci regeneracyjne. Ociosany pie«
 []


Underfull \hbox (badness 10000) in paragraph at lines 46--49
\OT4/cmtt/m/n/12 po, zaledwie dwóch dniach wraca do pierwotnej
 []


Underfull \hbox (badness 10000) in paragraph at lines 46--49
\OT4/cmtt/m/n/12 postaci; sªabo widoczne ±lady okaleczenia
 []


Underfull \hbox (badness 10000) in paragraph at lines 46--49
\OT4/cmtt/m/n/12 ro±liny. Komórki kambium zmieniªy swoj¡ wewn¦trzn¡
 []


Underfull \hbox (badness 10000) in paragraph at lines 46--49
\OT4/cmtt/m/n/12 struktur¦ w wyniku przyj¦cia wysokiej dawki
 []


Underfull \hbox (badness 10000) in paragraph at lines 46--49
\OT4/cmtt/m/n/12 promieniowania. Przyspieszona ekwipotencjalno±¢
 []


Underfull \hbox (badness 10000) in paragraph at lines 46--49
\OT4/cmtt/m/n/12 oznacza brak zagro»enia przed czynnikami patogennymi.
 []


Underfull \hbox (badness 10000) in paragraph at lines 46--49
\OT4/cmtt/m/n/12 Li±cie \OT4/cmtt/m/it/12 Populus Nigra \OT4/cmtt/m/n/12 zawier
aj¡ stosunkowo du»e
 []


Underfull \hbox (badness 10000) in paragraph at lines 46--49
\OT4/cmtt/m/n/12 ilo±ci niezidentyfikowanej do ko«ca substancji,
 []


Underfull \hbox (badness 10000) in paragraph at lines 46--49
\OT4/cmtt/m/n/12 przypuszczalnie mog¡ to by¢ neurotoksyny; planowane
 []


Underfull \hbox (badness 10000) in paragraph at lines 46--49
\OT4/cmtt/m/n/12 do±wiadczenie na szczurach. Zaobserwowano nisk¡
 []


Underfull \hbox (badness 10000) in paragraph at lines 46--49
\OT4/cmtt/m/n/12 wodochªonno±¢. Dalsze eksperymenty wyka»¡ czy badana
 []

[111] [112] [113] [114] [115]
Underfull \hbox (badness 1590) in paragraph at lines 97--101
[]\OT4/qhv/m/n/12 Silnik pa-ro-krot-nie za-ter-ko-taª, po czym za-cz¡ª pra-co-w
a¢
 []

[116]
</home/sou/Dokumenty/stalker.pl/tormentor/ro4_pietno.png, id=631, 455.7025pt x 
235.88126pt>
File: /home/sou/Dokumenty/stalker.pl/tormentor/ro4_pietno.png Graphic file (typ
e png)
 <use /home/sou/Dokumenty/stalker.pl/tormentor/ro4_pietno.png>
[117] [118 </home/sou/Dokumenty/stalker.pl/tormentor/ro4_pietno.png>] [119]
[120] [121] [122] [123] [124] [125] [126] [127

]
</home/sou/Dokumenty/stalker.pl/tormentor/ro12_pietno.png, id=683, 455.7025pt x
 235.88126pt>
File: /home/sou/Dokumenty/stalker.pl/tormentor/ro12_pietno.png Graphic file (ty
pe png)
 <use /home/sou/Dokumenty/stalker.pl/tormentor/ro12_pietno.png>
[128

 </home/sou/Dokumenty/stalker.pl/tormentor/ro12_pietno.png>] [129] [130]
[131] [132] [133] [134] [135

] [136] [137] [138] [139] [140] [141] [142]
[143]
Underfull \hbox (badness 2368) in paragraph at lines 365--366
\OT4/qhv/m/n/12 Schody pro-wa-dz¡-ce na wy»-sz¡ kon-dy-gna-cj¦ prze-si¡k-n¦-ªy
 []

[144] [145] [146] [147] [148]
Underfull \hbox (badness 1460) in paragraph at lines 433--434
\OT4/qhv/m/n/12 Przeci¡gªe sy-la-by nie-zna-jo-me-go prze-szy-ªy prze-strze« ps
y-
 []

[149] [150] [151] [152] [153] [154]) [155

]
<dziab_dziab/dziab_dziab.jpg, id=808, 100.375pt x 100.375pt>
File: dziab_dziab/dziab_dziab.jpg Graphic file (type jpg)

<use dziab_dziab/dziab_dziab.jpg> (./dziab_dziab/dziab_dziab_o_f.tex)
Overfull \hbox (1.66881pt too wide) in paragraph at lines 26--26
[]\OT4/qhv/b/n/24.88 Dziab[]Dziab 
 []

[156


 <./dziab_dziab/dziab_dziab.jpg>] (./dziab_dziab/biala_zona_o.tex) [157


]
(./dziab_dziab/biala_zona.tex [158

] [159] [160] [161] [162] [163] [164]
[165] [166] [167] [168] [169] [170] [171] [172] [173]
Underfull \hbox (badness 1442) in paragraph at lines 661--675
[]\OT4/qhv/m/n/12 Rozwa»aªem nad uda-niem si¦ do sie-dzi-by Sa-mot-ni-ków
 []

[174] [175] [176]
Underfull \hbox (badness 1642) in paragraph at lines 782--790
\OT4/qhv/m/n/12 Ból roz-sa-dzaª mo-j¡ czasz-k¦, wi-dzia-ªem ja-kie± nie-wy-ra¹-
ne
 []

[177] [178] [179]) [180

] <saku/saku.jpg, id=917, 100.375pt x 100.375pt>
File: saku/saku.jpg Graphic file (type jpg)

<use saku/saku.jpg> (./saku/saku_o_f.tex) [181


 <./saku/saku.jpg>]
(./saku/w_cieniu_o.tex) [182


] (./saku/w_cieniu.tex [183

] [184] [185]) [186]
<canthir/canthir.jpg, id=943, 100.375pt x 96.36pt>
File: canthir/canthir.jpg Graphic file (type jpg)
 <use canthir/canthir.jpg>
(./canthir/canthir_o_f.tex) [187


 <./canthir/canthir.jpg>]
(./canthir/spiac_w_popiolach_o.tex) [188


] (./canthir/spiac_w_popiolach.tex
[189

] [190] [191] [192] [193] [194] [195] [196] [197]
Underfull \hbox (badness 1331) in paragraph at lines 105--106
[]\OT4/qhv/m/n/12 Doszli±my do szko-ªy nie za-mie-nia-j¡c sªo-wa po dro-dze.
 []

[198] [199] [200] [201] [202] [203]) [204]
<valentino/valentino.jpg, id=1024, 100.375pt x 97.36375pt>
File: valentino/valentino.jpg Graphic file (type jpg)

<use valentino/valentino.jpg> (./valentino/valentino_o_f.tex) [205


 <./valentino/valentino.jpg>] (./valentino/degradacja_o.tex) [206


]
(./valentino/degradacja.tex [207

] [208] [209] [210] [211] [212] [213] [214]
[215] [216]

LaTeX Font Warning: Font shape `OT4/cmtt/b/n' undefined
(Font)              using `OT4/cmtt/m/n' instead on input line 126.

[217] [218]
Underfull \hbox (badness 1314) in paragraph at lines 148--165
\OT4/qhv/m/n/12 zmy-sªy. My-±la-ªem szyb-ciej, ni» kie-dy-kol-wiek. Ko-ªek za-c
z¡ª
 []


Underfull \hbox (badness 10000) in paragraph at lines 148--165

 []

[219])
Underfull \hbox (badness 1117) in paragraph at lines 167--38
\OT4/qhv/m/n/12 du-sz¦", nie-jed-no-krot-nie mu-sia-ªem usªy-sze¢ co± kil-ka-na
-±cie
 []


Underfull \hbox (badness 3954) in paragraph at lines 167--38
\OT4/qhv/m/n/12 Co± we mnie p¦-kªo. Jak za-hip-no-ty-zo-wa-ny cza-ro-dziej-sk¡
 []


Underfull \hbox (badness 1062) in paragraph at lines 167--38
\OT4/qhv/m/n/12 pach-n¡-cy ple-±ni¡ i ku-rzem ko-ry-tarz, mu-zy-k¦. Zda-wa-ªa s
i¦
 []


Underfull \hbox (badness 1354) in paragraph at lines 167--38
\OT4/qhv/m/n/12 ta-jem-ni-cza si-ªa, któ-ra wªa-±nie mn¡ kie-ro-wa-ªa po-zba-wi
-ªa-by
 []


Underfull \hbox (badness 1231) in paragraph at lines 167--38
\OT4/qhv/m/n/12 Z le-wej, na ±rod-ku ca-ªe-go po-miesz-cze-nia, znaj-do-wa-ªo s
i¦
 []


Underfull \hbox (badness 2846) in paragraph at lines 167--38
\OT4/qhv/m/n/12 pod-bró-dek, za-ro-±ni¦-te krót-kim, sztyw-nym, si-wym wªo-siem

 []


Underfull \hbox (badness 1424) in paragraph at lines 167--38
\OT4/qhv/m/n/12 Zo-na przy-szy-ko-wa-ªa dla mnie wszyst-kie swo-je naj-wi¦k-sze

 []


Underfull \hbox (badness 1314) in paragraph at lines 167--38
\OT4/qhv/m/n/12 któ-rzy osu-wa-li si¦ po za-bry-zga-nej ju-ch¡ ±cia-nie je-den 
po
 []


Underfull \hbox (badness 1558) in paragraph at lines 167--38
\OT4/qhv/m/n/12 po-czu-cie ulgi, z ka»-dym za-bi-tym nie-zna-jo-mym, zgod-nie z

 []


Underfull \hbox (badness 1859) in paragraph at lines 167--38
\OT4/qhv/m/n/12 sa-mo upo-ko-rze-nia sie-bie, te-go, po któ-rym miaª dla mnie
 []


Underfull \hbox (badness 1810) in paragraph at lines 167--38
\OT4/qhv/m/n/12 Za-miast hu-ku wy-strza-ªu roz-legª si¦ ni-kªy trzask igli-cy, 
na
 []


Underfull \hbox (badness 1609) in paragraph at lines 167--38
\OT4/qhv/m/n/12 dz¡-cych na my±l Zwar-cie ko-lo-rach -- pur-pu-rze, czer-wie-ni
,
 []


Underfull \hbox (badness 10000) in paragraph at lines 167--38

 []

[220] [221] [222] [223] [224] [225] (./stalker.pl.aux)

LaTeX Font Warning: Some font shapes were not available, defaults substituted.

 ) 
Here is how much of TeX's memory you used:
 6747 strings out of 495026
 94851 string characters out of 1181803
 253314 words of memory out of 3000000
 9378 multiletter control sequences out of 15000+50000
 39757 words of font info for 45 fonts, out of 3000000 for 9000
 48 hyphenation exceptions out of 8191
 50i,12n,45p,1172b,438s stack positions out of 5000i,500n,10000p,200000b,50000s
{/usr/share/texmf-texlive/fonts/enc/dvips/pl/plitt.enc}{/usr/share/texmf-texl
ive/fonts/enc/dvips/pl/pltt.enc}{/usr/share/texmf/fonts/enc/dvips/tex-gyre/q-rm
.enc}</usr/share/texmf-texlive/fonts/type1/public/amsfonts/cm/cmr12.pfb></usr/s
hare/texmf-texlive/fonts/type1/public/amsfonts/cm/cmsy10.pfb></usr/share/texmf-
texlive/fonts/type1/public/pl/plitt10.pfb></usr/share/texmf-texlive/fonts/type1
/public/pl/pltt12.pfb></usr/share/texmf/fonts/type1/public/tex-gyre/qhvb.pfb></
usr/share/texmf/fonts/type1/public/tex-gyre/qhvbi.pfb></usr/share/texmf/fonts/t
ype1/public/tex-gyre/qhvr.pfb></usr/share/texmf/fonts/type1/public/tex-gyre/qhv
ri.pfb>
Output written on stalker.pl.pdf (225 pages, 1357589 bytes).
PDF statistics:
 1217 PDF objects out of 1440 (max. 8388607)
 288 named destinations out of 1000 (max. 500000)
 252 words of extra memory for PDF output out of 10000 (max. 10000000)

