\BOOKMARK [0][-]{chapter*.1}{Voldi \205 informacje o autorze}{}
\BOOKMARK [0][-]{chapter*.2}{ O jeden blok za daleko}{}
\BOOKMARK [0][-]{chapter*.6}{KOSHI \205 informacje o autorze}{}
\BOOKMARK [0][-]{chapter*.7}{ Kodeks Hammurabiego}{}
\BOOKMARK [0][-]{chapter*.12}{ Gr\363b Agamemnona}{}
\BOOKMARK [0][-]{chapter*.13}{Ric \205 informacje o autorze}{}
\BOOKMARK [0][-]{chapter*.14}{ 15 000 rubli}{}
\BOOKMARK [0][-]{chapter*.15}{Gizbarus \205 informacje o autorze}{}
\BOOKMARK [0][-]{chapter*.16}{ Samotnosc w zonie}{}
\BOOKMARK [0][-]{chapter*.25}{Marcel \205 informacje o autorze}{}
\BOOKMARK [0][-]{chapter*.26}{ Powr\363t}{}
\BOOKMARK [0][-]{chapter*.31}{Tormentor \205 informacje o autorze}{}
\BOOKMARK [0][-]{chapter*.32}{ Pietno}{}
\BOOKMARK [0][-]{chapter*.43}{Dziab\137Dziab \205 informacje o autorze}{}
\BOOKMARK [0][-]{chapter*.44}{ Bia\233a zona}{}
\BOOKMARK [0][-]{chapter*.49}{saku \205 informacje o autorze}{}
\BOOKMARK [0][-]{chapter*.50}{ W cieniu}{}
\BOOKMARK [0][-]{chapter*.51}{Canthir \205 informacje o autorze}{}
\BOOKMARK [0][-]{chapter*.52}{ Spiac w popio\233ach}{}
\BOOKMARK [0][-]{chapter*.56}{Valentino \205 informacje o autorze}{}
\BOOKMARK [0][-]{chapter*.57}{ Degradacja}{}
